<?xml version="1.0" encoding="UTF-8"?>
<!-- Generated by org.testng.reporters.JUnitReportReporter -->
<testsuite hostname="SHADOW" failures="0" tests="1" name="com.SauceDemo.TestClasses.TC002VerifyLogoutPageFunctionality" time="9.402" errors="0" timestamp="2022-08-11T17:20:17 IST" skipped="0">
  <testcase classname="com.SauceDemo.TestClasses.TC002VerifyLogoutPageFunctionality" name="logoutfunctionality" time="9.402"/>
  <system-out/>
</testsuite> <!-- com.SauceDemo.TestClasses.TC002VerifyLogoutPageFunctionality -->
