<?xml version="1.0" encoding="UTF-8"?>
<!-- Generated by org.testng.reporters.JUnitReportReporter -->
<testsuite hostname="SHADOW" failures="0" tests="1" name="com.SauceDemo.TestClasses.TC003VerifyAddToCartFunctionality" time="9.981" errors="0" timestamp="2022-08-11T17:20:17 IST" skipped="0">
  <testcase classname="com.SauceDemo.TestClasses.TC003VerifyAddToCartFunctionality" name="productaddtocartfuntionality" time="9.981"/>
  <system-out/>
</testsuite> <!-- com.SauceDemo.TestClasses.TC003VerifyAddToCartFunctionality -->
